# JRE version: Java(TM) SE Runtime Environment (8.0_171-b11) (build 1.8.0_171-b11)
# Java VM: Java HotSpot(TM) 64-Bit Server VM (25.171-b11 mixed mode bsd-amd64 compressed oops)
Heap:
 PSYoungGen      total 1363456K, used 5198K [0x000000076ab00000, 0x00000007c0000000, 0x00000007c0000000)
  eden space 1330176K, 0% used [0x000000076ab00000,0x000000076b013840,0x00000007bbe00000)
  from space 33280K, 0% used [0x00000007bbe00000,0x00000007bbe00000,0x00000007bde80000)
  to   space 34304K, 0% used [0x00000007bde80000,0x00000007bde80000,0x00000007c0000000)
 ParOldGen       total 555520K, used 162891K [0x00000006c0000000, 0x00000006e1e80000, 0x000000076ab00000)
  object space 555520K, 29% used [0x00000006c0000000,0x00000006c9f12f38,0x00000006e1e80000)
 Metaspace       used 40654K, capacity 41707K, committed 71896K, reserved 1107968K
  class space    used 5115K, capacity 5399K, committed 14296K, reserved 1048576K
GC Heap History (10 events):
Event: 7163.018 GC heap before
{Heap before GC invocations=940 (full 10):
 PSYoungGen      total 1368576K, used 1364636K [0x000000076ab00000, 0x00000007c0000000, 0x00000007c0000000)
  eden space 1340928K, 100% used [0x000000076ab00000,0x00000007bc880000,0x00000007bc880000)
  from space 27648K, 85% used [0x00000007bc880000,0x00000007bdfa7088,0x00000007be380000)
  to   space 28160K, 0% used [0x00000007be480000,0x00000007be480000,0x00000007c0000000)
 ParOldGen       total 509440K, used 476682K [0x00000006c0000000, 0x00000006df180000, 0x000000076ab00000)
  object space 509440K, 93% used [0x00000006c0000000,0x00000006dd182b18,0x00000006df180000)
 Metaspace       used 88209K, capacity 91971K, committed 92288K, reserved 1128448K
  class space    used 12873K, capacity 14207K, committed 14208K, reserved 1048576K
Event: 7163.029 GC heap after
Heap after GC invocations=940 (full 10):
 PSYoungGen      total 1368576K, used 22803K [0x000000076ab00000, 0x00000007c0000000, 0x00000007c0000000)
  eden space 1340416K, 0% used [0x000000076ab00000,0x000000076ab00000,0x00000007bc800000)
  from space 28160K, 80% used [0x00000007be480000,0x00000007bfac4f28,0x00000007c0000000)
  to   space 28672K, 0% used [0x00000007bc800000,0x00000007bc800000,0x00000007be400000)
 ParOldGen       total 509440K, used 476706K [0x00000006c0000000, 0x00000006df180000, 0x000000076ab00000)
  object space 509440K, 93% used [0x00000006c0000000,0x00000006dd188b18,0x00000006df180000)
 Metaspace       used 88209K, capacity 91971K, committed 92288K, reserved 1128448K
  class space    used 12873K, capacity 14207K, committed 14208K, reserved 1048576K
}
Event: 7165.186 GC heap before
{Heap before GC invocations=941 (full 10):
 PSYoungGen      total 1368576K, used 1363219K [0x000000076ab00000, 0x00000007c0000000, 0x00000007c0000000)
  eden space 1340416K, 100% used [0x000000076ab00000,0x00000007bc800000,0x00000007bc800000)
  from space 28160K, 80% used [0x00000007be480000,0x00000007bfac4f28,0x00000007c0000000)
  to   space 28672K, 0% used [0x00000007bc800000,0x00000007bc800000,0x00000007be400000)
 ParOldGen       total 509440K, used 476706K [0x00000006c0000000, 0x00000006df180000, 0x000000076ab00000)
  object space 509440K, 93% used [0x00000006c0000000,0x00000006dd188b18,0x00000006df180000)
 Metaspace       used 88209K, capacity 91971K, committed 92288K, reserved 1128448K
  class space    used 12873K, capacity 14207K, committed 14208K, reserved 1048576K
Event: 7165.197 GC heap after
Heap after GC invocations=941 (full 10):
 PSYoungGen      total 1369088K, used 22739K [0x000000076ab00000, 0x00000007c0000000, 0x00000007c0000000)
  eden space 1340416K, 0% used [0x000000076ab00000,0x000000076ab00000,0x00000007bc800000)
  from space 28672K, 79% used [0x00000007bc800000,0x00000007bde34f28,0x00000007be400000)
  to   space 28672K, 0% used [0x00000007be400000,0x00000007be400000,0x00000007c0000000)
 ParOldGen       total 509440K, used 476706K [0x00000006c0000000, 0x00000006df180000, 0x000000076ab00000)
  object space 509440K, 93% used [0x00000006c0000000,0x00000006dd188b18,0x00000006df180000)
 Metaspace       used 88209K, capacity 91971K, committed 92288K, reserved 1128448K
  class space    used 12873K, capacity 14207K, committed 14208K, reserved 1048576K
}
Event: 7167.406 GC heap before
{Heap before GC invocations=942 (full 10):
 PSYoungGen      total 1369088K, used 1363155K [0x000000076ab00000, 0x00000007c0000000, 0x00000007c0000000)
  eden space 1340416K, 100% used [0x000000076ab00000,0x00000007bc800000,0x00000007bc800000)
  from space 28672K, 79% used [0x00000007bc800000,0x00000007bde34f28,0x00000007be400000)
  to   space 28672K, 0% used [0x00000007be400000,0x00000007be400000,0x00000007c0000000)
 ParOldGen       total 509440K, used 476706K [0x00000006c0000000, 0x00000006df180000, 0x000000076ab00000)
  object space 509440K, 93% used [0x00000006c0000000,0x00000006dd188b68,0x00000006df180000)
 Metaspace       used 88223K, capacity 91971K, committed 92288K, reserved 1128448K
  class space    used 12874K, capacity 14207K, committed 14208K, reserved 1048576K
Event: 7167.419 GC heap after
Heap after GC invocations=942 (full 10):
 PSYoungGen      total 1358848K, used 28649K [0x000000076ab00000, 0x00000007c0000000, 0x00000007c0000000)
  eden space 1330176K, 0% used [0x000000076ab00000,0x000000076ab00000,0x00000007bbe00000)
  from space 28672K, 99% used [0x00000007be400000,0x00000007bfffa690,0x00000007c0000000)
  to   space 33792K, 0% used [0x00000007bbe00000,0x00000007bbe00000,0x00000007bdf00000)
 ParOldGen       total 509440K, used 484841K [0x00000006c0000000, 0x00000006df180000, 0x000000076ab00000)
  object space 509440K, 95% used [0x00000006c0000000,0x00000006dd97a6b8,0x00000006df180000)
 Metaspace       used 88223K, capacity 91971K, committed 92288K, reserved 1128448K
  class space    used 12874K, capacity 14207K, committed 14208K, reserved 1048576K
}
Event: 7191.822 GC heap before
{Heap before GC invocations=943 (full 10):
 PSYoungGen      total 1358848K, used 209018K [0x000000076ab00000, 0x00000007c0000000, 0x00000007c0000000)
  eden space 1330176K, 13% used [0x000000076ab00000,0x0000000775b241a8,0x00000007bbe00000)
  from space 28672K, 99% used [0x00000007be400000,0x00000007bfffa690,0x00000007c0000000)
  to   space 33792K, 0% used [0x00000007bbe00000,0x00000007bbe00000,0x00000007bdf00000)
 ParOldGen       total 509440K, used 484841K [0x00000006c0000000, 0x00000006df180000, 0x000000076ab00000)
  object space 509440K, 95% used [0x00000006c0000000,0x00000006dd97a6b8,0x00000006df180000)
 Metaspace       used 88484K, capacity 92257K, committed 92376K, reserved 1128448K
  class space    used 12925K, capacity 14280K, committed 14296K, reserved 1048576K
Event: 7191.833 GC heap after
Heap after GC invocations=943 (full 10):
 PSYoungGen      total 1363456K, used 33223K [0x000000076ab00000, 0x00000007c0000000, 0x00000007c0000000)
  eden space 1330176K, 0% used [0x000000076ab00000,0x000000076ab00000,0x00000007bbe00000)
  from space 33280K, 99% used [0x00000007bbe00000,0x00000007bde71e48,0x00000007bde80000)
  to   space 34304K, 0% used [0x00000007bde80000,0x00000007bde80000,0x00000007c0000000)
 ParOldGen       total 509440K, used 500307K [0x00000006c0000000, 0x00000006df180000, 0x000000076ab00000)
  object space 509440K, 98% used [0x00000006c0000000,0x00000006de894d48,0x00000006df180000)
 Metaspace       used 88484K, capacity 92257K, committed 92376K, reserved 1128448K
  class space    used 12925K, capacity 14280K, committed 14296K, reserved 1048576K
}
Event: 7191.833 GC heap before
{Heap before GC invocations=944 (full 11):
 PSYoungGen      total 1363456K, used 33223K [0x000000076ab00000, 0x00000007c0000000, 0x00000007c0000000)
  eden space 1330176K, 0% used [0x000000076ab00000,0x000000076ab00000,0x00000007bbe00000)
  from space 33280K, 99% used [0x00000007bbe00000,0x00000007bde71e48,0x00000007bde80000)
  to   space 34304K, 0% used [0x00000007bde80000,0x00000007bde80000,0x00000007c0000000)
 ParOldGen       total 509440K, used 500307K [0x00000006c0000000, 0x00000006df180000, 0x000000076ab00000)
  object space 509440K, 98% used [0x00000006c0000000,0x00000006de894d48,0x00000006df180000)
 Metaspace       used 88484K, capacity 92257K, committed 92376K, reserved 1128448K
  class space    used 12925K, capacity 14280K, committed 14296K, reserved 1048576K
Event: 7192.071 GC heap after
Heap after GC invocations=944 (full 11):
 PSYoungGen      total 1363456K, used 0K [0x000000076ab00000, 0x00000007c0000000, 0x00000007c0000000)
  eden space 1330176K, 0% used [0x000000076ab00000,0x000000076ab00000,0x00000007bbe00000)
  from space 33280K, 0% used [0x00000007bbe00000,0x00000007bbe00000,0x00000007bde80000)
  to   space 34304K, 0% used [0x00000007bde80000,0x00000007bde80000,0x00000007c0000000)
 ParOldGen       total 555520K, used 162891K [0x00000006c0000000, 0x00000006e1e80000, 0x000000076ab00000)
  object space 555520K, 29% used [0x00000006c0000000,0x00000006c9f12f38,0x00000006e1e80000)
 Metaspace       used 40620K, capacity 41643K, committed 71896K, reserved 1107968K
  class space    used 5107K, capacity 5399K, committed 14296K, reserved 1048576K
}

