# JRE version: Java(TM) SE Runtime Environment (8.0_171-b11) (build 1.8.0_171-b11)
# Java VM: Java HotSpot(TM) 64-Bit Server VM (25.171-b11 mixed mode bsd-amd64 compressed oops)
Heap:
 PSYoungGen      total 858112K, used 34574K [0x000000076ab00000, 0x00000007b9c00000, 0x00000007c0000000)
  eden space 830464K, 4% used [0x000000076ab00000,0x000000076ccc3b20,0x000000079d600000)
  from space 27648K, 0% used [0x000000079d600000,0x000000079d600000,0x000000079f100000)
  to   space 26112K, 0% used [0x00000007b8280000,0x00000007b8280000,0x00000007b9c00000)
 ParOldGen       total 341504K, used 25443K [0x00000006c0000000, 0x00000006d4d80000, 0x000000076ab00000)
  object space 341504K, 7% used [0x00000006c0000000,0x00000006c18d8c00,0x00000006d4d80000)
 Metaspace       used 34588K, capacity 35440K, committed 35632K, reserved 1079296K
  class space    used 4598K, capacity 4827K, committed 4912K, reserved 1048576K
GC Heap History (10 events):
Event: 6.836 GC heap before
{Heap before GC invocations=7 (full 1):
 PSYoungGen      total 254464K, used 245269K [0x000000076ab00000, 0x0000000789480000, 0x00000007c0000000)
  eden space 233472K, 100% used [0x000000076ab00000,0x0000000778f00000,0x0000000778f00000)
  from space 20992K, 56% used [0x0000000778f00000,0x0000000779a855e0,0x000000077a380000)
  to   space 28160K, 0% used [0x0000000787900000,0x0000000787900000,0x0000000789480000)
 ParOldGen       total 341504K, used 19769K [0x00000006c0000000, 0x00000006d4d80000, 0x000000076ab00000)
  object space 341504K, 5% used [0x00000006c0000000,0x00000006c134e620,0x00000006d4d80000)
 Metaspace       used 25093K, capacity 25803K, committed 25904K, reserved 1071104K
  class space    used 3644K, capacity 3809K, committed 3888K, reserved 1048576K
Event: 6.841 GC heap after
Heap after GC invocations=7 (full 1):
 PSYoungGen      total 473600K, used 11589K [0x000000076ab00000, 0x0000000789500000, 0x00000007c0000000)
  eden space 445440K, 0% used [0x000000076ab00000,0x000000076ab00000,0x0000000785e00000)
  from space 28160K, 41% used [0x0000000787900000,0x00000007884515d0,0x0000000789480000)
  to   space 27648K, 0% used [0x0000000785e00000,0x0000000785e00000,0x0000000787900000)
 ParOldGen       total 341504K, used 19769K [0x00000006c0000000, 0x00000006d4d80000, 0x000000076ab00000)
  object space 341504K, 5% used [0x00000006c0000000,0x00000006c134e620,0x00000006d4d80000)
 Metaspace       used 25093K, capacity 25803K, committed 25904K, reserved 1071104K
  class space    used 3644K, capacity 3809K, committed 3888K, reserved 1048576K
}
Event: 7.069 GC heap before
{Heap before GC invocations=8 (full 1):
 PSYoungGen      total 473600K, used 457029K [0x000000076ab00000, 0x0000000789500000, 0x00000007c0000000)
  eden space 445440K, 100% used [0x000000076ab00000,0x0000000785e00000,0x0000000785e00000)
  from space 28160K, 41% used [0x0000000787900000,0x00000007884515d0,0x0000000789480000)
  to   space 27648K, 0% used [0x0000000785e00000,0x0000000785e00000,0x0000000787900000)
 ParOldGen       total 341504K, used 19769K [0x00000006c0000000, 0x00000006d4d80000, 0x000000076ab00000)
  object space 341504K, 5% used [0x00000006c0000000,0x00000006c134e620,0x00000006d4d80000)
 Metaspace       used 25360K, capacity 26072K, committed 26160K, reserved 1071104K
  class space    used 3646K, capacity 3841K, committed 3888K, reserved 1048576K
Event: 7.075 GC heap after
Heap after GC invocations=8 (full 1):
 PSYoungGen      total 473088K, used 768K [0x000000076ab00000, 0x00000007a1c80000, 0x00000007c0000000)
  eden space 445440K, 0% used [0x000000076ab00000,0x000000076ab00000,0x0000000785e00000)
  from space 27648K, 2% used [0x0000000785e00000,0x0000000785ec0000,0x0000000787900000)
  to   space 29184K, 0% used [0x00000007a0000000,0x00000007a0000000,0x00000007a1c80000)
 ParOldGen       total 341504K, used 30812K [0x00000006c0000000, 0x00000006d4d80000, 0x000000076ab00000)
  object space 341504K, 9% used [0x00000006c0000000,0x00000006c1e17098,0x00000006d4d80000)
 Metaspace       used 25360K, capacity 26072K, committed 26160K, reserved 1071104K
  class space    used 3646K, capacity 3841K, committed 3888K, reserved 1048576K
}
Event: 2007.608 GC heap before
{Heap before GC invocations=9 (full 1):
 PSYoungGen      total 473088K, used 446208K [0x000000076ab00000, 0x00000007a1c80000, 0x00000007c0000000)
  eden space 445440K, 100% used [0x000000076ab00000,0x0000000785e00000,0x0000000785e00000)
  from space 27648K, 2% used [0x0000000785e00000,0x0000000785ec0000,0x0000000787900000)
  to   space 29184K, 0% used [0x00000007a0000000,0x00000007a0000000,0x00000007a1c80000)
 ParOldGen       total 341504K, used 30812K [0x00000006c0000000, 0x00000006d4d80000, 0x000000076ab00000)
  object space 341504K, 9% used [0x00000006c0000000,0x00000006c1e17098,0x00000006d4d80000)
 Metaspace       used 33635K, capacity 34394K, committed 34736K, reserved 1079296K
  class space    used 4474K, capacity 4688K, committed 4784K, reserved 1048576K
Event: 2007.620 GC heap after
Heap after GC invocations=9 (full 1):
 PSYoungGen      total 842752K, used 11520K [0x000000076ab00000, 0x00000007a0c00000, 0x00000007c0000000)
  eden space 830464K, 0% used [0x000000076ab00000,0x000000076ab00000,0x000000079d600000)
  from space 12288K, 93% used [0x00000007a0000000,0x00000007a0b401b0,0x00000007a0c00000)
  to   space 27648K, 0% used [0x000000079d600000,0x000000079d600000,0x000000079f100000)
 ParOldGen       total 341504K, used 30836K [0x00000006c0000000, 0x00000006d4d80000, 0x000000076ab00000)
  object space 341504K, 9% used [0x00000006c0000000,0x00000006c1e1d098,0x00000006d4d80000)
 Metaspace       used 33635K, capacity 34394K, committed 34736K, reserved 1079296K
  class space    used 4474K, capacity 4688K, committed 4784K, reserved 1048576K
}
Event: 2336.518 GC heap before
{Heap before GC invocations=10 (full 1):
 PSYoungGen      total 842752K, used 212000K [0x000000076ab00000, 0x00000007a0c00000, 0x00000007c0000000)
  eden space 830464K, 24% used [0x000000076ab00000,0x0000000776ec7e50,0x000000079d600000)
  from space 12288K, 93% used [0x00000007a0000000,0x00000007a0b401b0,0x00000007a0c00000)
  to   space 27648K, 0% used [0x000000079d600000,0x000000079d600000,0x000000079f100000)
 ParOldGen       total 341504K, used 30836K [0x00000006c0000000, 0x00000006d4d80000, 0x000000076ab00000)
  object space 341504K, 9% used [0x00000006c0000000,0x00000006c1e1d098,0x00000006d4d80000)
 Metaspace       used 34566K, capacity 35376K, committed 35496K, reserved 1079296K
  class space    used 4595K, capacity 4827K, committed 4912K, reserved 1048576K
Event: 2336.526 GC heap after
Heap after GC invocations=10 (full 1):
 PSYoungGen      total 858112K, used 13361K [0x000000076ab00000, 0x00000007b9c00000, 0x00000007c0000000)
  eden space 830464K, 0% used [0x000000076ab00000,0x000000076ab00000,0x000000079d600000)
  from space 27648K, 48% used [0x000000079d600000,0x000000079e30c438,0x000000079f100000)
  to   space 26112K, 0% used [0x00000007b8280000,0x00000007b8280000,0x00000007b9c00000)
 ParOldGen       total 341504K, used 30852K [0x00000006c0000000, 0x00000006d4d80000, 0x000000076ab00000)
  object space 341504K, 9% used [0x00000006c0000000,0x00000006c1e21098,0x00000006d4d80000)
 Metaspace       used 34566K, capacity 35376K, committed 35496K, reserved 1079296K
  class space    used 4595K, capacity 4827K, committed 4912K, reserved 1048576K
}
Event: 2336.526 GC heap before
{Heap before GC invocations=11 (full 2):
 PSYoungGen      total 858112K, used 13361K [0x000000076ab00000, 0x00000007b9c00000, 0x00000007c0000000)
  eden space 830464K, 0% used [0x000000076ab00000,0x000000076ab00000,0x000000079d600000)
  from space 27648K, 48% used [0x000000079d600000,0x000000079e30c438,0x000000079f100000)
  to   space 26112K, 0% used [0x00000007b8280000,0x00000007b8280000,0x00000007b9c00000)
 ParOldGen       total 341504K, used 30852K [0x00000006c0000000, 0x00000006d4d80000, 0x000000076ab00000)
  object space 341504K, 9% used [0x00000006c0000000,0x00000006c1e21098,0x00000006d4d80000)
 Metaspace       used 34566K, capacity 35376K, committed 35496K, reserved 1079296K
  class space    used 4595K, capacity 4827K, committed 4912K, reserved 1048576K
Event: 2336.569 GC heap after
Heap after GC invocations=11 (full 2):
 PSYoungGen      total 858112K, used 0K [0x000000076ab00000, 0x00000007b9c00000, 0x00000007c0000000)
  eden space 830464K, 0% used [0x000000076ab00000,0x000000076ab00000,0x000000079d600000)
  from space 27648K, 0% used [0x000000079d600000,0x000000079d600000,0x000000079f100000)
  to   space 26112K, 0% used [0x00000007b8280000,0x00000007b8280000,0x00000007b9c00000)
 ParOldGen       total 341504K, used 25443K [0x00000006c0000000, 0x00000006d4d80000, 0x000000076ab00000)
  object space 341504K, 7% used [0x00000006c0000000,0x00000006c18d8c00,0x00000006d4d80000)
 Metaspace       used 34566K, capacity 35376K, committed 35496K, reserved 1079296K
  class space    used 4595K, capacity 4827K, committed 4912K, reserved 1048576K
}

