# JRE version: Java(TM) SE Runtime Environment (8.0_65-b17) (build 1.8.0_65-b17)
# Java VM: Java HotSpot(TM) 64-Bit Server VM (25.65-b01 mixed mode bsd-amd64 compressed oops)
Heap:
 PSYoungGen      total 14848K, used 14721K [0x000000076ab00000, 0x000000076bb80000, 0x00000007c0000000)
  eden space 12800K, 99% used [0x000000076ab00000,0x000000076b762568,0x000000076b780000)
  from space 2048K, 99% used [0x000000076b980000,0x000000076bb7e080,0x000000076bb80000)
  to   space 2048K, 0% used [0x000000076b780000,0x000000076b780000,0x000000076b980000)
 ParOldGen       total 34304K, used 3656K [0x00000006c0000000, 0x00000006c2180000, 0x000000076ab00000)
  object space 34304K, 10% used [0x00000006c0000000,0x00000006c0392058,0x00000006c2180000)
 Metaspace       used 18032K, capacity 18296K, committed 18560K, reserved 1064960K
  class space    used 2511K, capacity 2601K, committed 2688K, reserved 1048576K
GC Heap History (4 events):
Event: 2.178 GC heap before
{Heap before GC invocations=1 (full 0):
 PSYoungGen      total 14848K, used 12800K [0x000000076ab00000, 0x000000076bb80000, 0x00000007c0000000)
  eden space 12800K, 100% used [0x000000076ab00000,0x000000076b780000,0x000000076b780000)
  from space 2048K, 0% used [0x000000076b980000,0x000000076b980000,0x000000076bb80000)
  to   space 2048K, 0% used [0x000000076b780000,0x000000076b780000,0x000000076b980000)
 ParOldGen       total 34304K, used 0K [0x00000006c0000000, 0x00000006c2180000, 0x000000076ab00000)
  object space 34304K, 0% used [0x00000006c0000000,0x00000006c0000000,0x00000006c2180000)
 Metaspace       used 11793K, capacity 11922K, committed 12160K, reserved 1060864K
  class space    used 1474K, capacity 1546K, committed 1664K, reserved 1048576K
Event: 2.181 GC heap after
Heap after GC invocations=1 (full 0):
 PSYoungGen      total 14848K, used 2016K [0x000000076ab00000, 0x000000076bb80000, 0x00000007c0000000)
  eden space 12800K, 0% used [0x000000076ab00000,0x000000076ab00000,0x000000076b780000)
  from space 2048K, 98% used [0x000000076b780000,0x000000076b978020,0x000000076b980000)
  to   space 2048K, 0% used [0x000000076b980000,0x000000076b980000,0x000000076bb80000)
 ParOldGen       total 34304K, used 1634K [0x00000006c0000000, 0x00000006c2180000, 0x000000076ab00000)
  object space 34304K, 4% used [0x00000006c0000000,0x00000006c0198a38,0x00000006c2180000)
 Metaspace       used 11793K, capacity 11922K, committed 12160K, reserved 1060864K
  class space    used 1474K, capacity 1546K, committed 1664K, reserved 1048576K
}
Event: 2.419 GC heap before
{Heap before GC invocations=2 (full 0):
 PSYoungGen      total 14848K, used 14602K [0x000000076ab00000, 0x000000076bb80000, 0x00000007c0000000)
  eden space 12800K, 98% used [0x000000076ab00000,0x000000076b74a938,0x000000076b780000)
  from space 2048K, 98% used [0x000000076b780000,0x000000076b978020,0x000000076b980000)
  to   space 2048K, 0% used [0x000000076b980000,0x000000076b980000,0x000000076bb80000)
 ParOldGen       total 34304K, used 1634K [0x00000006c0000000, 0x00000006c2180000, 0x000000076ab00000)
  object space 34304K, 4% used [0x00000006c0000000,0x00000006c0198a38,0x00000006c2180000)
 Metaspace       used 16557K, capacity 16818K, committed 17024K, reserved 1064960K
  class space    used 2309K, capacity 2408K, committed 2432K, reserved 1048576K
Event: 2.422 GC heap after
Heap after GC invocations=2 (full 0):
 PSYoungGen      total 14848K, used 2040K [0x000000076ab00000, 0x000000076bb80000, 0x00000007c0000000)
  eden space 12800K, 0% used [0x000000076ab00000,0x000000076ab00000,0x000000076b780000)
  from space 2048K, 99% used [0x000000076b980000,0x000000076bb7e080,0x000000076bb80000)
  to   space 2048K, 0% used [0x000000076b780000,0x000000076b780000,0x000000076b980000)
 ParOldGen       total 34304K, used 3656K [0x00000006c0000000, 0x00000006c2180000, 0x000000076ab00000)
  object space 34304K, 10% used [0x00000006c0000000,0x00000006c0392058,0x00000006c2180000)
 Metaspace       used 16557K, capacity 16818K, committed 17024K, reserved 1064960K
  class space    used 2309K, capacity 2408K, committed 2432K, reserved 1048576K
}

