# JRE version: Java(TM) SE Runtime Environment (8.0_171-b11) (build 1.8.0_171-b11)
# Java VM: Java HotSpot(TM) 64-Bit Server VM (25.171-b11 mixed mode bsd-amd64 compressed oops)
Heap:
 PSYoungGen      total 67584K, used 993K [0x000000076ab00000, 0x000000076fd00000, 0x00000007c0000000)
  eden space 55808K, 1% used [0x000000076ab00000,0x000000076abf8620,0x000000076e180000)
  from space 11776K, 0% used [0x000000076ee80000,0x000000076ee80000,0x000000076fa00000)
  to   space 13312K, 0% used [0x000000076e180000,0x000000076e180000,0x000000076ee80000)
 ParOldGen       total 126464K, used 31239K [0x00000006c0000000, 0x00000006c7b80000, 0x000000076ab00000)
  object space 126464K, 24% used [0x00000006c0000000,0x00000006c1e81c18,0x00000006c7b80000)
 Metaspace       used 27329K, capacity 27978K, committed 28160K, reserved 1073152K
  class space    used 3588K, capacity 3753K, committed 3840K, reserved 1048576K
GC Heap History (10 events):
Event: 13566.352 GC heap before
{Heap before GC invocations=246 (full 7):
 PSYoungGen      total 58368K, used 48448K [0x000000076ab00000, 0x000000076f000000, 0x00000007c0000000)
  eden space 48128K, 100% used [0x000000076ab00000,0x000000076da00000,0x000000076da00000)
  from space 10240K, 3% used [0x000000076e600000,0x000000076e650000,0x000000076f000000)
  to   space 11264K, 0% used [0x000000076da00000,0x000000076da00000,0x000000076e500000)
 ParOldGen       total 123904K, used 79698K [0x00000006c0000000, 0x00000006c7900000, 0x000000076ab00000)
  object space 123904K, 64% used [0x00000006c0000000,0x00000006c4dd48b0,0x00000006c7900000)
 Metaspace       used 27222K, capacity 27830K, committed 28160K, reserved 1073152K
  class space    used 3575K, capacity 3723K, committed 3840K, reserved 1048576K
Event: 13566.355 GC heap after
Heap after GC invocations=246 (full 7):
 PSYoungGen      total 49664K, used 2048K [0x000000076ab00000, 0x000000076ee80000, 0x00000007c0000000)
  eden space 47616K, 0% used [0x000000076ab00000,0x000000076ab00000,0x000000076d980000)
  from space 2048K, 100% used [0x000000076da00000,0x000000076dc00000,0x000000076dc00000)
  to   space 10752K, 0% used [0x000000076e400000,0x000000076e400000,0x000000076ee80000)
 ParOldGen       total 123904K, used 79762K [0x00000006c0000000, 0x00000006c7900000, 0x000000076ab00000)
  object space 123904K, 64% used [0x00000006c0000000,0x00000006c4de48b0,0x00000006c7900000)
 Metaspace       used 27222K, capacity 27830K, committed 28160K, reserved 1073152K
  class space    used 3575K, capacity 3723K, committed 3840K, reserved 1048576K
}
Event: 13566.411 GC heap before
{Heap before GC invocations=247 (full 7):
 PSYoungGen      total 49664K, used 49664K [0x000000076ab00000, 0x000000076ee80000, 0x00000007c0000000)
  eden space 47616K, 100% used [0x000000076ab00000,0x000000076d980000,0x000000076d980000)
  from space 2048K, 100% used [0x000000076da00000,0x000000076dc00000,0x000000076dc00000)
  to   space 10752K, 0% used [0x000000076e400000,0x000000076e400000,0x000000076ee80000)
 ParOldGen       total 123904K, used 79762K [0x00000006c0000000, 0x00000006c7900000, 0x000000076ab00000)
  object space 123904K, 64% used [0x00000006c0000000,0x00000006c4de48b0,0x00000006c7900000)
 Metaspace       used 27224K, capacity 27830K, committed 28160K, reserved 1073152K
  class space    used 3575K, capacity 3723K, committed 3840K, reserved 1048576K
Event: 13566.415 GC heap after
Heap after GC invocations=247 (full 7):
 PSYoungGen      total 58368K, used 736K [0x000000076ab00000, 0x000000076f800000, 0x00000007c0000000)
  eden space 47616K, 0% used [0x000000076ab00000,0x000000076ab00000,0x000000076d980000)
  from space 10752K, 6% used [0x000000076e400000,0x000000076e4b8000,0x000000076ee80000)
  to   space 10752K, 0% used [0x000000076d980000,0x000000076d980000,0x000000076e400000)
 ParOldGen       total 123904K, used 81650K [0x00000006c0000000, 0x00000006c7900000, 0x000000076ab00000)
  object space 123904K, 65% used [0x00000006c0000000,0x00000006c4fbc8b0,0x00000006c7900000)
 Metaspace       used 27224K, capacity 27830K, committed 28160K, reserved 1073152K
  class space    used 3575K, capacity 3723K, committed 3840K, reserved 1048576K
}
Event: 20245.845 GC heap before
{Heap before GC invocations=248 (full 7):
 PSYoungGen      total 58368K, used 47180K [0x000000076ab00000, 0x000000076f800000, 0x00000007c0000000)
  eden space 47616K, 97% used [0x000000076ab00000,0x000000076d85b3d0,0x000000076d980000)
  from space 10752K, 6% used [0x000000076e400000,0x000000076e4b8000,0x000000076ee80000)
  to   space 10752K, 0% used [0x000000076d980000,0x000000076d980000,0x000000076e400000)
 ParOldGen       total 123904K, used 81650K [0x00000006c0000000, 0x00000006c7900000, 0x000000076ab00000)
  object space 123904K, 65% used [0x00000006c0000000,0x00000006c4fbc8b0,0x00000006c7900000)
 Metaspace       used 27240K, capacity 27862K, committed 28160K, reserved 1073152K
  class space    used 3578K, capacity 3755K, committed 3840K, reserved 1048576K
Event: 20245.922 GC heap after
Heap after GC invocations=248 (full 7):
 PSYoungGen      total 58368K, used 7805K [0x000000076ab00000, 0x000000076fa00000, 0x00000007c0000000)
  eden space 47616K, 0% used [0x000000076ab00000,0x000000076ab00000,0x000000076d980000)
  from space 10752K, 72% used [0x000000076d980000,0x000000076e11f748,0x000000076e400000)
  to   space 11776K, 0% used [0x000000076ee80000,0x000000076ee80000,0x000000076fa00000)
 ParOldGen       total 123904K, used 92907K [0x00000006c0000000, 0x00000006c7900000, 0x000000076ab00000)
  object space 123904K, 74% used [0x00000006c0000000,0x00000006c5abaf10,0x00000006c7900000)
 Metaspace       used 27240K, capacity 27862K, committed 28160K, reserved 1073152K
  class space    used 3578K, capacity 3755K, committed 3840K, reserved 1048576K
}
Event: 29392.601 GC heap before
{Heap before GC invocations=249 (full 7):
 PSYoungGen      total 58368K, used 55421K [0x000000076ab00000, 0x000000076fa00000, 0x00000007c0000000)
  eden space 47616K, 100% used [0x000000076ab00000,0x000000076d980000,0x000000076d980000)
  from space 10752K, 72% used [0x000000076d980000,0x000000076e11f748,0x000000076e400000)
  to   space 11776K, 0% used [0x000000076ee80000,0x000000076ee80000,0x000000076fa00000)
 ParOldGen       total 123904K, used 92907K [0x00000006c0000000, 0x00000006c7900000, 0x000000076ab00000)
  object space 123904K, 74% used [0x00000006c0000000,0x00000006c5abaf10,0x00000006c7900000)
 Metaspace       used 27335K, capacity 27990K, committed 28160K, reserved 1073152K
  class space    used 3589K, capacity 3755K, committed 3840K, reserved 1048576K
Event: 29392.620 GC heap after
Heap after GC invocations=249 (full 7):
 PSYoungGen      total 67584K, used 10897K [0x000000076ab00000, 0x000000076fd00000, 0x00000007c0000000)
  eden space 55808K, 0% used [0x000000076ab00000,0x000000076ab00000,0x000000076e180000)
  from space 11776K, 92% used [0x000000076ee80000,0x000000076f924650,0x000000076fa00000)
  to   space 13312K, 0% used [0x000000076e180000,0x000000076e180000,0x000000076ee80000)
 ParOldGen       total 123904K, used 109029K [0x00000006c0000000, 0x00000006c7900000, 0x000000076ab00000)
  object space 123904K, 87% used [0x00000006c0000000,0x00000006c6a797d8,0x00000006c7900000)
 Metaspace       used 27335K, capacity 27990K, committed 28160K, reserved 1073152K
  class space    used 3589K, capacity 3755K, committed 3840K, reserved 1048576K
}
Event: 29392.620 GC heap before
{Heap before GC invocations=250 (full 8):
 PSYoungGen      total 67584K, used 10897K [0x000000076ab00000, 0x000000076fd00000, 0x00000007c0000000)
  eden space 55808K, 0% used [0x000000076ab00000,0x000000076ab00000,0x000000076e180000)
  from space 11776K, 92% used [0x000000076ee80000,0x000000076f924650,0x000000076fa00000)
  to   space 13312K, 0% used [0x000000076e180000,0x000000076e180000,0x000000076ee80000)
 ParOldGen       total 123904K, used 109029K [0x00000006c0000000, 0x00000006c7900000, 0x000000076ab00000)
  object space 123904K, 87% used [0x00000006c0000000,0x00000006c6a797d8,0x00000006c7900000)
 Metaspace       used 27335K, capacity 27990K, committed 28160K, reserved 1073152K
  class space    used 3589K, capacity 3755K, committed 3840K, reserved 1048576K
Event: 29392.751 GC heap after
Heap after GC invocations=250 (full 8):
 PSYoungGen      total 67584K, used 0K [0x000000076ab00000, 0x000000076fd00000, 0x00000007c0000000)
  eden space 55808K, 0% used [0x000000076ab00000,0x000000076ab00000,0x000000076e180000)
  from space 11776K, 0% used [0x000000076ee80000,0x000000076ee80000,0x000000076fa00000)
  to   space 13312K, 0% used [0x000000076e180000,0x000000076e180000,0x000000076ee80000)
 ParOldGen       total 126464K, used 31239K [0x00000006c0000000, 0x00000006c7b80000, 0x000000076ab00000)
  object space 126464K, 24% used [0x00000006c0000000,0x00000006c1e81c18,0x00000006c7b80000)
 Metaspace       used 27327K, capacity 27978K, committed 28160K, reserved 1073152K
  class space    used 3588K, capacity 3753K, committed 3840K, reserved 1048576K
}

